<?xml version="1.0" encoding="UTF-8" ?>
<testsuite failures="0" time="0.004" errors="0" skipped="0" tests="1" name="war.service.Slim3ServiceTest">
  <properties>
    <property name="java.runtime.name" value="Java(TM) SE Runtime Environment"/>
    <property name="sun.boot.library.path" value="/System/Library/Java/JavaVirtualMachines/1.6.0.jdk/Contents/Libraries"/>
    <property name="java.vm.version" value="19.1-b02-334"/>
    <property name="awt.nativeDoubleBuffering" value="true"/>
    <property name="gopherProxySet" value="false"/>
    <property name="mrj.build" value="10M3326"/>
    <property name="java.vm.vendor" value="Apple Inc."/>
    <property name="java.vendor.url" value="http://www.apple.com/"/>
    <property name="path.separator" value=":"/>
    <property name="java.vm.name" value="Java HotSpot(TM) 64-Bit Server VM"/>
    <property name="file.encoding.pkg" value="sun.io"/>
    <property name="user.country" value="JP"/>
    <property name="sun.java.launcher" value="SUN_STANDARD"/>
    <property name="sun.os.patch.level" value="unknown"/>
    <property name="java.vm.specification.name" value="Java Virtual Machine Specification"/>
    <property name="user.dir" value="/Users/yuh/work/workarea/eclipse/slim3-sample"/>
    <property name="java.runtime.version" value="1.6.0_24-b07-334-10M3326"/>
    <property name="java.awt.graphicsenv" value="apple.awt.CGraphicsEnvironment"/>
    <property name="basedir" value="/Users/yuh/work/workarea/eclipse/slim3-sample"/>
    <property name="java.endorsed.dirs" value="/System/Library/Java/JavaVirtualMachines/1.6.0.jdk/Contents/Home/lib/endorsed"/>
    <property name="os.arch" value="x86_64"/>
    <property name="surefire.real.class.path" value="/Users/yuh/work/workarea/eclipse/slim3-sample/target/surefire/surefirebooter7550635462114714808.jar"/>
    <property name="java.io.tmpdir" value="/var/folders/VU/VUrih699E-qYfM2jC3GnbU+++TI/-Tmp-/"/>
    <property name="line.separator" value="
"/>
    <property name="java.vm.specification.vendor" value="Sun Microsystems Inc."/>
    <property name="os.name" value="Mac OS X"/>
    <property name="sun.jnu.encoding" value="SJIS"/>
    <property name="java.library.path" value=".:/Library/Java/Extensions:/System/Library/Java/Extensions:/usr/lib/java"/>
    <property name="surefire.test.class.path" value="/Users/yuh/work/workarea/eclipse/slim3-sample/target/test-classes:/Users/yuh/work/workarea/eclipse/slim3-sample/war/WEB-INF/classes:/Users/yuh/.m2/repository/org/slim3/slim3/1.0.9/slim3-1.0.9.jar:/Users/yuh/.m2/repository/com/google/appengine/appengine-api-1.0-sdk/1.4.2/appengine-api-1.0-sdk-1.4.2.jar:/Users/yuh/.m2/repository/com/google/appengine/appengine-api-labs/1.4.2/appengine-api-labs-1.4.2.jar:/Users/yuh/.m2/repository/org/slim3/slim3-gen/1.0.9/slim3-gen-1.0.9.jar:/Users/yuh/.m2/repository/javax/servlet/servlet-api/2.5/servlet-api-2.5.jar:/Users/yuh/.m2/repository/junit/junit/4.7/junit-4.7.jar:/Users/yuh/.m2/repository/com/google/appengine/appengine-api-stubs/1.4.2/appengine-api-stubs-1.4.2.jar:/Users/yuh/.m2/repository/com/google/appengine/appengine-local-runtime/1.4.2/appengine-local-runtime-1.4.2.jar:"/>
    <property name="java.specification.name" value="Java Platform API Specification"/>
    <property name="java.class.version" value="50.0"/>
    <property name="sun.management.compiler" value="HotSpot 64-Bit Server Compiler"/>
    <property name="os.version" value="10.6.7"/>
    <property name="http.nonProxyHosts" value="local|*.local|169.254/16|*.169.254/16"/>
    <property name="user.home" value="/Users/yuh"/>
    <property name="user.timezone" value="Asia/Tokyo"/>
    <property name="java.awt.printerjob" value="apple.awt.CPrinterJob"/>
    <property name="java.specification.version" value="1.6"/>
    <property name="file.encoding" value="SJIS"/>
    <property name="user.name" value="yuh"/>
    <property name="java.class.path" value="/Users/yuh/work/workarea/eclipse/slim3-sample/target/test-classes:/Users/yuh/work/workarea/eclipse/slim3-sample/war/WEB-INF/classes:/Users/yuh/.m2/repository/org/slim3/slim3/1.0.9/slim3-1.0.9.jar:/Users/yuh/.m2/repository/com/google/appengine/appengine-api-1.0-sdk/1.4.2/appengine-api-1.0-sdk-1.4.2.jar:/Users/yuh/.m2/repository/com/google/appengine/appengine-api-labs/1.4.2/appengine-api-labs-1.4.2.jar:/Users/yuh/.m2/repository/org/slim3/slim3-gen/1.0.9/slim3-gen-1.0.9.jar:/Users/yuh/.m2/repository/javax/servlet/servlet-api/2.5/servlet-api-2.5.jar:/Users/yuh/.m2/repository/junit/junit/4.7/junit-4.7.jar:/Users/yuh/.m2/repository/com/google/appengine/appengine-api-stubs/1.4.2/appengine-api-stubs-1.4.2.jar:/Users/yuh/.m2/repository/com/google/appengine/appengine-local-runtime/1.4.2/appengine-local-runtime-1.4.2.jar:"/>
    <property name="java.vm.specification.version" value="1.0"/>
    <property name="sun.arch.data.model" value="64"/>
    <property name="java.home" value="/System/Library/Java/JavaVirtualMachines/1.6.0.jdk/Contents/Home"/>
    <property name="java.specification.vendor" value="Sun Microsystems Inc."/>
    <property name="user.language" value="ja"/>
    <property name="awt.toolkit" value="apple.awt.CToolkit"/>
    <property name="java.vm.info" value="mixed mode"/>
    <property name="java.version" value="1.6.0_24"/>
    <property name="java.ext.dirs" value="/Library/Java/Extensions:/System/Library/Java/Extensions:/System/Library/Java/JavaVirtualMachines/1.6.0.jdk/Contents/Home/lib/ext"/>
    <property name="sun.boot.class.path" value="/System/Library/Java/JavaVirtualMachines/1.6.0.jdk/Contents/Classes/jsfd.jar:/System/Library/Java/JavaVirtualMachines/1.6.0.jdk/Contents/Classes/classes.jar:/System/Library/Frameworks/JavaVM.framework/Frameworks/JavaRuntimeSupport.framework/Resources/Java/JavaRuntimeSupport.jar:/System/Library/Java/JavaVirtualMachines/1.6.0.jdk/Contents/Classes/ui.jar:/System/Library/Java/JavaVirtualMachines/1.6.0.jdk/Contents/Classes/laf.jar:/System/Library/Java/JavaVirtualMachines/1.6.0.jdk/Contents/Classes/sunrsasign.jar:/System/Library/Java/JavaVirtualMachines/1.6.0.jdk/Contents/Classes/jsse.jar:/System/Library/Java/JavaVirtualMachines/1.6.0.jdk/Contents/Classes/jce.jar:/System/Library/Java/JavaVirtualMachines/1.6.0.jdk/Contents/Classes/charsets.jar"/>
    <property name="java.vendor" value="Apple Inc."/>
    <property name="localRepository" value="/Users/yuh/.m2/repository"/>
    <property name="file.separator" value="/"/>
    <property name="java.vendor.url.bug" value="http://bugreport.apple.com/"/>
    <property name="sun.cpu.endian" value="little"/>
    <property name="sun.io.unicode.encoding" value="UnicodeLittle"/>
    <property name="mrj.version" value="1060.1.6.0_24-334"/>
    <property name="socksNonProxyHosts" value="local|*.local|169.254/16|*.169.254/16"/>
    <property name="ftp.nonProxyHosts" value="local|*.local|169.254/16|*.169.254/16"/>
    <property name="sun.cpu.isalist" value=""/>
  </properties>
  <testcase time="0.003" classname="war.service.Slim3ServiceTest" name="slim3test1"/>
</testsuite>